[INFO ] 2019-03-18 10:33:16,918(0) [resin-50] Loading XML bean definitions from class path resource [applicationContext-local.xml]  
[INFO ] 2019-03-18 10:33:16,996(78) [resin-50] Loading XML bean definitions from class path resource [applicationContext-dyconfig.xml]  
[INFO ] 2019-03-18 10:33:17,061(143) [resin-50] Loading XML bean definitions from class path resource [applicationContext-lfconfig.xml]  
[INFO ] 2019-03-18 10:33:17,101(183) [resin-50] Bean factory for application context [org.springframework.context.support.ClassPathXmlApplicationContext;hashCode=1735844083]: org.springframework.beans.factory.support.DefaultListableBeanFactory defining beans [propertyConfigurer,dataSource,transactionManager,baseTransactionProxy,sqlMapClient,userInfoDao,userInfoFacade,funcInfoDao,funcInfoFacade,roleFuncInfoDao,roleFuncInfoFacade,roleInfoDao,roleInfoFacade,sysLogInfoDao,sysLogInfoFacade,monitorInfoDao,monitorInfoFacade,clientSessionManager,phoneInfoDao,phoneInfoFacade,appUserInfoDao,appUserInfoFacade,locationInfoDao,locationInfoFacade,deviceActiveInfoDao,deviceActiveInfoFacade,directiveInfoDao,directiveInfoFacade,companyInfoDao,companyInfoFacade,channelInfoDao,channelInfoFacade,projectInfoDao,projectInfoFacade,saleInfoDao,saleInfoFacade,userLoginInfoDao,userLoginInfoFacade,deviceLoginDao,deviceLoginFacade,wappUsersDao,wappUsersFacade,wdeviceActiveInfoDao,wdeviceActiveInfoFacade,wpetMoveInfoDao,wpetMoveInfoFacade,wfciPetKindDao,wfciPetKindFacade,wappuserVerifyDao,wappuserVerifyFacade,wshareInfoDao,wshareInfoFacade,wpetDao,wpetFacade,wpetWifiRangeDao,wpetWifiRangeFacade,wupFirmwareDao,wupFirmwareFacade,wtAppQuestionInfoManDao,wtAppQuestionInfoManFacade,appUserDeviceLocationDao,appUserDeviceLocationFacade,appUserDeviceTrackDao,appUserDeviceTrackFacade,appUserUploadLocationDao,appUserUploadLocationFacade,appUserWiFiInfoDao,appUserWiFiInfoFacade,appSafeAreaManDao,appSafeAreaManFacade,appDeviceDiscoveryManDao,appDeviceDiscoveryManFacade,wtDevSetaDao,wtDevSetaFacade,wtCheckVersionDao,wtCheckVersionFacade,wSuggestionDao,wSuggestionFacade,wPetMoveInfoDao,wPetMoveInfoFacade,wtAppMsgManDao,wtAppMsgManFacade,wtSoundInfoDao,wSoundInfoFacade]; root of BeanFactory hierarchy  
[INFO ] 2019-03-18 10:33:17,107(189) [resin-50] 84 beans defined in application context [org.springframework.context.support.ClassPathXmlApplicationContext;hashCode=1735844083]  
[INFO ] 2019-03-18 10:33:17,130(212) [resin-50] Loading properties file from class path resource [jdbc.properties]  
[INFO ] 2019-03-18 10:33:17,142(224) [resin-50] Commons Collections 3.x available  
[INFO ] 2019-03-18 10:33:17,147(229) [resin-50] Unable to locate MessageSource with name 'messageSource': using default [org.springframework.context.support.DelegatingMessageSource@2e525697]  
[INFO ] 2019-03-18 10:33:17,151(233) [resin-50] Unable to locate ApplicationEventMulticaster with name 'applicationEventMulticaster': using default [org.springframework.context.event.SimpleApplicationEventMulticaster@23066ebf]  
[INFO ] 2019-03-18 10:33:17,153(235) [resin-50] Pre-instantiating singletons in factory [org.springframework.beans.factory.support.DefaultListableBeanFactory defining beans [propertyConfigurer,dataSource,transactionManager,baseTransactionProxy,sqlMapClient,userInfoDao,userInfoFacade,funcInfoDao,funcInfoFacade,roleFuncInfoDao,roleFuncInfoFacade,roleInfoDao,roleInfoFacade,sysLogInfoDao,sysLogInfoFacade,monitorInfoDao,monitorInfoFacade,clientSessionManager,phoneInfoDao,phoneInfoFacade,appUserInfoDao,appUserInfoFacade,locationInfoDao,locationInfoFacade,deviceActiveInfoDao,deviceActiveInfoFacade,directiveInfoDao,directiveInfoFacade,companyInfoDao,companyInfoFacade,channelInfoDao,channelInfoFacade,projectInfoDao,projectInfoFacade,saleInfoDao,saleInfoFacade,userLoginInfoDao,userLoginInfoFacade,deviceLoginDao,deviceLoginFacade,wappUsersDao,wappUsersFacade,wdeviceActiveInfoDao,wdeviceActiveInfoFacade,wpetMoveInfoDao,wpetMoveInfoFacade,wfciPetKindDao,wfciPetKindFacade,wappuserVerifyDao,wappuserVerifyFacade,wshareInfoDao,wshareInfoFacade,wpetDao,wpetFacade,wpetWifiRangeDao,wpetWifiRangeFacade,wupFirmwareDao,wupFirmwareFacade,wtAppQuestionInfoManDao,wtAppQuestionInfoManFacade,appUserDeviceLocationDao,appUserDeviceLocationFacade,appUserDeviceTrackDao,appUserDeviceTrackFacade,appUserUploadLocationDao,appUserUploadLocationFacade,appUserWiFiInfoDao,appUserWiFiInfoFacade,appSafeAreaManDao,appSafeAreaManFacade,appDeviceDiscoveryManDao,appDeviceDiscoveryManFacade,wtDevSetaDao,wtDevSetaFacade,wtCheckVersionDao,wtCheckVersionFacade,wSuggestionDao,wSuggestionFacade,wPetMoveInfoDao,wPetMoveInfoFacade,wtAppMsgManDao,wtAppMsgManFacade,wtSoundInfoDao,wSoundInfoFacade]; root of BeanFactory hierarchy]  
[WARN ] 2019-03-18 10:33:17,185(267) [resin-50] Your dbType is mysql, recommend set testWhileIdle is true  
[ERROR] 2019-03-18 10:33:17,192(274) [resin-50] mysql should not use 'PoolPreparedStatements'  
[INFO ] 2019-03-18 10:33:51,518(34600) [resin-50] {dataSource-1} inited  
[INFO ] 2019-03-18 10:33:52,065(35147) [resin-50] CGLIB2 not available: proxyTargetClass feature disabled  
[INFO ] 2019-03-18 10:33:52,364(35446) [resin-50] Loading XML bean definitions from class path resource [applicationContext-local.xml]  
[INFO ] 2019-03-18 10:33:52,368(35450) [resin-50] Loading XML bean definitions from class path resource [applicationContext-dyconfig.xml]  
[INFO ] 2019-03-18 10:33:52,373(35455) [resin-50] Loading XML bean definitions from class path resource [applicationContext-lfconfig.xml]  
[INFO ] 2019-03-18 10:33:52,377(35459) [resin-50] Bean factory for application context [org.springframework.context.support.ClassPathXmlApplicationContext;hashCode=45284727]: org.springframework.beans.factory.support.DefaultListableBeanFactory defining beans [propertyConfigurer,dataSource,transactionManager,baseTransactionProxy,sqlMapClient,userInfoDao,userInfoFacade,funcInfoDao,funcInfoFacade,roleFuncInfoDao,roleFuncInfoFacade,roleInfoDao,roleInfoFacade,sysLogInfoDao,sysLogInfoFacade,monitorInfoDao,monitorInfoFacade,clientSessionManager,phoneInfoDao,phoneInfoFacade,appUserInfoDao,appUserInfoFacade,locationInfoDao,locationInfoFacade,deviceActiveInfoDao,deviceActiveInfoFacade,directiveInfoDao,directiveInfoFacade,companyInfoDao,companyInfoFacade,channelInfoDao,channelInfoFacade,projectInfoDao,projectInfoFacade,saleInfoDao,saleInfoFacade,userLoginInfoDao,userLoginInfoFacade,deviceLoginDao,deviceLoginFacade,wappUsersDao,wappUsersFacade,wdeviceActiveInfoDao,wdeviceActiveInfoFacade,wpetMoveInfoDao,wpetMoveInfoFacade,wfciPetKindDao,wfciPetKindFacade,wappuserVerifyDao,wappuserVerifyFacade,wshareInfoDao,wshareInfoFacade,wpetDao,wpetFacade,wpetWifiRangeDao,wpetWifiRangeFacade,wupFirmwareDao,wupFirmwareFacade,wtAppQuestionInfoManDao,wtAppQuestionInfoManFacade,appUserDeviceLocationDao,appUserDeviceLocationFacade,appUserDeviceTrackDao,appUserDeviceTrackFacade,appUserUploadLocationDao,appUserUploadLocationFacade,appUserWiFiInfoDao,appUserWiFiInfoFacade,appSafeAreaManDao,appSafeAreaManFacade,appDeviceDiscoveryManDao,appDeviceDiscoveryManFacade,wtDevSetaDao,wtDevSetaFacade,wtCheckVersionDao,wtCheckVersionFacade,wSuggestionDao,wSuggestionFacade,wPetMoveInfoDao,wPetMoveInfoFacade,wtAppMsgManDao,wtAppMsgManFacade,wtSoundInfoDao,wSoundInfoFacade]; root of BeanFactory hierarchy  
[INFO ] 2019-03-18 10:33:52,377(35459) [resin-50] 84 beans defined in application context [org.springframework.context.support.ClassPathXmlApplicationContext;hashCode=45284727]  
[INFO ] 2019-03-18 10:33:52,378(35460) [resin-50] Loading properties file from class path resource [jdbc.properties]  
[INFO ] 2019-03-18 10:33:52,379(35461) [resin-50] Unable to locate MessageSource with name 'messageSource': using default [org.springframework.context.support.DelegatingMessageSource@638f6920]  
[INFO ] 2019-03-18 10:33:52,379(35461) [resin-50] Unable to locate ApplicationEventMulticaster with name 'applicationEventMulticaster': using default [org.springframework.context.event.SimpleApplicationEventMulticaster@3aaa2289]  
[INFO ] 2019-03-18 10:33:52,380(35462) [resin-50] Pre-instantiating singletons in factory [org.springframework.beans.factory.support.DefaultListableBeanFactory defining beans [propertyConfigurer,dataSource,transactionManager,baseTransactionProxy,sqlMapClient,userInfoDao,userInfoFacade,funcInfoDao,funcInfoFacade,roleFuncInfoDao,roleFuncInfoFacade,roleInfoDao,roleInfoFacade,sysLogInfoDao,sysLogInfoFacade,monitorInfoDao,monitorInfoFacade,clientSessionManager,phoneInfoDao,phoneInfoFacade,appUserInfoDao,appUserInfoFacade,locationInfoDao,locationInfoFacade,deviceActiveInfoDao,deviceActiveInfoFacade,directiveInfoDao,directiveInfoFacade,companyInfoDao,companyInfoFacade,channelInfoDao,channelInfoFacade,projectInfoDao,projectInfoFacade,saleInfoDao,saleInfoFacade,userLoginInfoDao,userLoginInfoFacade,deviceLoginDao,deviceLoginFacade,wappUsersDao,wappUsersFacade,wdeviceActiveInfoDao,wdeviceActiveInfoFacade,wpetMoveInfoDao,wpetMoveInfoFacade,wfciPetKindDao,wfciPetKindFacade,wappuserVerifyDao,wappuserVerifyFacade,wshareInfoDao,wshareInfoFacade,wpetDao,wpetFacade,wpetWifiRangeDao,wpetWifiRangeFacade,wupFirmwareDao,wupFirmwareFacade,wtAppQuestionInfoManDao,wtAppQuestionInfoManFacade,appUserDeviceLocationDao,appUserDeviceLocationFacade,appUserDeviceTrackDao,appUserDeviceTrackFacade,appUserUploadLocationDao,appUserUploadLocationFacade,appUserWiFiInfoDao,appUserWiFiInfoFacade,appSafeAreaManDao,appSafeAreaManFacade,appDeviceDiscoveryManDao,appDeviceDiscoveryManFacade,wtDevSetaDao,wtDevSetaFacade,wtCheckVersionDao,wtCheckVersionFacade,wSuggestionDao,wSuggestionFacade,wPetMoveInfoDao,wPetMoveInfoFacade,wtAppMsgManDao,wtAppMsgManFacade,wtSoundInfoDao,wSoundInfoFacade]; root of BeanFactory hierarchy]  
[WARN ] 2019-03-18 10:33:52,380(35462) [resin-50] Your dbType is mysql, recommend set testWhileIdle is true  
[ERROR] 2019-03-18 10:33:52,380(35462) [resin-50] mysql should not use 'PoolPreparedStatements'  
[INFO ] 2019-03-18 10:34:08,654(51736) [resin-50] {dataSource-2} inited  
[INFO ] 2019-03-18 10:34:08,912(51994) [resin-50] ---StartServer Success--- IP_HOST: 0.0.0.0 PORT: 6690  
[INFO ] 2019-03-18 10:34:51,470(94552) [resin-port-8087-54] email sender£º pioneeriot.com@gmail.com  
[INFO ] 2019-03-18 10:34:59,922(103004) [resin-port-8087-54] clibin@waterworld.com.cn email has sended!  
[INFO ] 2019-03-18 10:34:59,979(103061) [resin-port-8087-54] JDBC 3.0 Savepoint class is available  
[INFO ] 2019-03-18 11:10:20,148(2223230) [resin-port-8087-58] email sender£º pioneeriot.com@gmail.com  
[ERROR] 2019-03-18 11:11:09,251(2272333) [resin-port-8087-58] javax.mail.MessagingException: Could not connect to SMTP host: smtp.gmail.com, port: 465;
  nested exception is:
	java.net.ConnectException: Connection timed out: connect  
[INFO ] 2019-03-18 11:13:05,078(2388160) [resin-port-8087-58] email sender£º pioneeriot.com@gmail.com  
[ERROR] 2019-03-18 11:13:47,100(2430182) [resin-port-8087-58] javax.mail.MessagingException: Could not connect to SMTP host: smtp.gmail.com, port: 465;
  nested exception is:
	java.net.ConnectException: Connection timed out: connect  
[INFO ] 2019-03-18 11:16:44,786(2607868) [resin-port-8087-18] email sender£º pioneeriot.com@gmail.com  
[ERROR] 2019-03-18 11:17:26,809(2649891) [resin-port-8087-18] javax.mail.MessagingException: Could not connect to SMTP host: smtp.gmail.com, port: 465;
  nested exception is:
	java.net.ConnectException: Connection timed out: connect  
[INFO ] 2019-03-18 11:18:30,287(2713369) [resin-port-8087-18] email sender£º pioneeriot.com@gmail.com  
[ERROR] 2019-03-18 11:19:10,375(2753457) [resin-port-8087-18] javax.mail.MessagingException: Could not connect to SMTP host: smtp.gmail.com, port: 465, response: -1  
[INFO ] 2019-03-18 11:28:22,871(3305953) [resin-port-8087-61] email sender£º pioneeriot.com@gmail.com  
[ERROR] 2019-03-18 11:29:04,895(3347977) [resin-port-8087-61] javax.mail.MessagingException: Could not connect to SMTP host: smtp.gmail.com, port: 465;
  nested exception is:
	java.net.ConnectException: Connection timed out: connect  
